<?xml version="1.0" encoding="UTF-8"?>
<!-- Generated by org.testng.reporters.JUnitXMLReporter -->
<testsuite ignored="1" hostname="LAPTOP-BPCGH62E" failures="0" tests="1" name="Default test" time="17.427" errors="0" timestamp="2023-11-07T21:22:35 GMT-05:00">
  <testcase classname="test.OverviewPageTest" name="calculation2" time="13.213"/>
  <testcase classname="test.OverviewPageTest" name="calculation1" time="0.0">
    <ignored/>
  </testcase> <!-- calculation1 -->
</testsuite> <!-- Default test -->
