<?xml version="1.0" encoding="UTF-8"?>
<testng-results ignored="0" total="1" passed="1" failed="0" skipped="0">
  <reporter-output>
  </reporter-output>
  <suite started-at="2023-11-07T21:22:18 GMT-05:00" name="Default suite" finished-at="2023-11-07T21:22:35 GMT-05:00" duration-ms="17427">
    <groups>
    </groups>
    <test started-at="2023-11-07T21:22:18 GMT-05:00" name="Default test" finished-at="2023-11-07T21:22:35 GMT-05:00" duration-ms="17427">
      <class name="test.OverviewPageTest">
        <test-method is-config="true" signature="openBrowser()[pri:0, instance:test.OverviewPageTest@74ea2410]" started-at="2023-11-07T21:22:18 GMT-05:00" name="openBrowser" finished-at="2023-11-07T21:22:22 GMT-05:00" duration-ms="4148" status="PASS">
          <reporter-output>
          </reporter-output>
        </test-method> <!-- openBrowser -->
        <test-method signature="calculation2()[pri:0, instance:test.OverviewPageTest@74ea2410]" started-at="2023-11-07T21:22:22 GMT-05:00" name="calculation2" finished-at="2023-11-07T21:22:35 GMT-05:00" duration-ms="13213" status="PASS">
          <reporter-output>
          </reporter-output>
        </test-method> <!-- calculation2 -->
      </class> <!-- test.OverviewPageTest -->
    </test> <!-- Default test -->
  </suite> <!-- Default suite -->
</testng-results>
